<?xml version="1.0" encoding="UTF-8"?>
<!-- Generated by org.testng.reporters.JUnitXMLReporter -->
<testsuite ignored="3" hostname="CHN-REG-338651" failures="0" tests="3" name="Test" time="0.087" errors="0" timestamp="2024-03-08T07:29:14 IST">
  <testcase classname="testcases.TestNGdemos2" name="abc" time="0.012"/>
  <testcase classname="testcases.TestNGdemos2" name="test1" time="0.002"/>
  <testcase classname="testcases.TestNGdemos" name="test" time="0.005"/>
  <testcase classname="testcases.TestNGdemos2" name="test" time="0.0">
    <ignored/>
  </testcase> <!-- test -->
  <testcase classname="testcases.TestNGdemos" name="abc" time="0.0">
    <ignored/>
  </testcase> <!-- abc -->
  <testcase classname="testcases.TestNGdemos" name="test1" time="0.0">
    <ignored/>
  </testcase> <!-- test1 -->
</testsuite> <!-- Test -->
