<?xml version="1.0" encoding="UTF-8"?>
<!-- Generated by org.testng.reporters.JUnitXMLReporter -->
<testsuite ignored="0" hostname="CHN-REG-338651" failures="0" tests="4" name="Default test" time="20.87" errors="0" timestamp="2024-03-09T07:01:47 IST">
  <testcase classname="basics.Datadriven" name="test" time="0.218"/>
  <testcase classname="basics.Datadriven" name="test" time="0.221"/>
  <testcase classname="basics.Datadriven" name="test" time="0.188"/>
  <testcase classname="basics.Datadriven" name="test" time="0.168"/>
</testsuite> <!-- Default test -->
