<?xml version="1.0" encoding="UTF-8"?>
<testng-results ignored="0" total="2" passed="2" failed="0" skipped="0">
  <reporter-output>
  </reporter-output>
  <suite started-at="2024-04-01T23:05:14 IST" name="Default suite" finished-at="2024-04-01T23:05:24 IST" duration-ms="10282">
    <groups>
    </groups>
    <test started-at="2024-04-01T23:05:14 IST" name="Default test" finished-at="2024-04-01T23:05:24 IST" duration-ms="10282">
      <class name="testcases.SampleTest">
        <test-method is-config="true" signature="beforeTest()[pri:0, instance:testcases.SampleTest@78691363]" started-at="2024-04-01T23:05:14 IST" name="beforeTest" finished-at="2024-04-01T23:05:19 IST" duration-ms="4613" status="PASS">
          <reporter-output>
          </reporter-output>
        </test-method> <!-- beforeTest -->
        <test-method signature="tescase1()[pri:0, instance:testcases.SampleTest@78691363]" started-at="2024-04-01T23:05:19 IST" name="tescase1" finished-at="2024-04-01T23:05:22 IST" duration-ms="3570" status="PASS">
          <reporter-output>
          </reporter-output>
        </test-method> <!-- tescase1 -->
        <test-method signature="testcase2()[pri:0, instance:testcases.SampleTest@78691363]" started-at="2024-04-01T23:05:23 IST" name="testcase2" finished-at="2024-04-01T23:05:24 IST" duration-ms="1348" status="PASS">
          <reporter-output>
          </reporter-output>
        </test-method> <!-- testcase2 -->
      </class> <!-- testcases.SampleTest -->
    </test> <!-- Default test -->
  </suite> <!-- Default suite -->
</testng-results>
