<?xml version="1.0" encoding="UTF-8"?>
<testng-results ignored="0" total="4" passed="4" failed="0" skipped="0">
  <reporter-output>
  </reporter-output>
  <suite started-at="2024-03-09T07:01:27 IST" name="Default suite" finished-at="2024-03-09T07:01:47 IST" duration-ms="20870">
    <groups>
    </groups>
    <test started-at="2024-03-09T07:01:27 IST" name="Default test" finished-at="2024-03-09T07:01:47 IST" duration-ms="20870">
      <class name="basics.Datadriven">
        <test-method is-config="true" signature="setup()[pri:0, instance:basics.Datadriven@4562e04d]" started-at="2024-03-09T07:01:27 IST" name="setup" finished-at="2024-03-09T07:01:32 IST" duration-ms="4497" status="PASS">
          <reporter-output>
          </reporter-output>
        </test-method> <!-- setup -->
        <test-method signature="test(java.lang.String,java.lang.String)[pri:0, instance:basics.Datadriven@4562e04d]" started-at="2024-03-09T07:01:32 IST" name="test" data-provider="data" finished-at="2024-03-09T07:01:32 IST" duration-ms="218" status="PASS">
          <params>
            <param index="0">
              <value>
                <![CDATA[username ]]>
              </value>
            </param>
            <param index="1">
              <value>
                <![CDATA[password]]>
              </value>
            </param>
          </params>
          <reporter-output>
          </reporter-output>
        </test-method> <!-- test -->
        <test-method is-config="true" signature="teardown()[pri:0, instance:basics.Datadriven@4562e04d]" started-at="2024-03-09T07:01:32 IST" name="teardown" finished-at="2024-03-09T07:01:32 IST" duration-ms="337" status="PASS">
          <reporter-output>
          </reporter-output>
        </test-method> <!-- teardown -->
        <test-method is-config="true" signature="setup()[pri:0, instance:basics.Datadriven@4562e04d]" started-at="2024-03-09T07:01:32 IST" name="setup" finished-at="2024-03-09T07:01:36 IST" duration-ms="3948" status="PASS">
          <reporter-output>
          </reporter-output>
        </test-method> <!-- setup -->
        <test-method signature="test(java.lang.String,java.lang.String)[pri:0, instance:basics.Datadriven@4562e04d]" started-at="2024-03-09T07:01:36 IST" name="test" data-provider="data" finished-at="2024-03-09T07:01:37 IST" duration-ms="221" status="PASS">
          <params>
            <param index="0">
              <value>
                <![CDATA[kiruba]]>
              </value>
            </param>
            <param index="1">
              <value>
                <![CDATA[kiruba]]>
              </value>
            </param>
          </params>
          <reporter-output>
          </reporter-output>
        </test-method> <!-- test -->
        <test-method is-config="true" signature="teardown()[pri:0, instance:basics.Datadriven@4562e04d]" started-at="2024-03-09T07:01:37 IST" name="teardown" finished-at="2024-03-09T07:01:37 IST" duration-ms="458" status="PASS">
          <reporter-output>
          </reporter-output>
        </test-method> <!-- teardown -->
        <test-method is-config="true" signature="setup()[pri:0, instance:basics.Datadriven@4562e04d]" started-at="2024-03-09T07:01:37 IST" name="setup" finished-at="2024-03-09T07:01:41 IST" duration-ms="4325" status="PASS">
          <reporter-output>
          </reporter-output>
        </test-method> <!-- setup -->
        <test-method signature="test(java.lang.String,java.lang.String)[pri:0, instance:basics.Datadriven@4562e04d]" started-at="2024-03-09T07:01:41 IST" name="test" data-provider="data" finished-at="2024-03-09T07:01:42 IST" duration-ms="188" status="PASS">
          <params>
            <param index="0">
              <value>
                <![CDATA[arifun]]>
              </value>
            </param>
            <param index="1">
              <value>
                <![CDATA[arifun]]>
              </value>
            </param>
          </params>
          <reporter-output>
          </reporter-output>
        </test-method> <!-- test -->
        <test-method is-config="true" signature="teardown()[pri:0, instance:basics.Datadriven@4562e04d]" started-at="2024-03-09T07:01:42 IST" name="teardown" finished-at="2024-03-09T07:01:42 IST" duration-ms="474" status="PASS">
          <reporter-output>
          </reporter-output>
        </test-method> <!-- teardown -->
        <test-method is-config="true" signature="setup()[pri:0, instance:basics.Datadriven@4562e04d]" started-at="2024-03-09T07:01:42 IST" name="setup" finished-at="2024-03-09T07:01:47 IST" duration-ms="4825" status="PASS">
          <reporter-output>
          </reporter-output>
        </test-method> <!-- setup -->
        <test-method signature="test(java.lang.String,java.lang.String)[pri:0, instance:basics.Datadriven@4562e04d]" started-at="2024-03-09T07:01:47 IST" name="test" data-provider="data" finished-at="2024-03-09T07:01:47 IST" duration-ms="168" status="PASS">
          <params>
            <param index="0">
              <value>
                <![CDATA[mehdi]]>
              </value>
            </param>
            <param index="1">
              <value>
                <![CDATA[mehdi]]>
              </value>
            </param>
          </params>
          <reporter-output>
          </reporter-output>
        </test-method> <!-- test -->
        <test-method is-config="true" signature="teardown()[pri:0, instance:basics.Datadriven@4562e04d]" started-at="2024-03-09T07:01:47 IST" name="teardown" finished-at="2024-03-09T07:01:47 IST" duration-ms="449" status="PASS">
          <reporter-output>
          </reporter-output>
        </test-method> <!-- teardown -->
      </class> <!-- basics.Datadriven -->
    </test> <!-- Default test -->
  </suite> <!-- Default suite -->
</testng-results>
